<?xml version="1.0" encoding="UTF-8"?>
<!-- Generated by org.testng.reporters.JUnitReportReporter -->
<testsuite hostname="ayaansh" failures="0" tests="1" name="TestCases.TestLoginAccount" time="2.066" errors="0" timestamp="2024-08-11T10:58:13 IST" skipped="0">
  <testcase classname="TestCases.TestLoginAccount" name="login" time="2.066"/>
</testsuite> <!-- TestCases.TestLoginAccount -->
