<?xml version="1.0" encoding="UTF-8"?>
<!-- Generated by org.testng.reporters.JUnitReportReporter -->
<testsuite hostname="ayaansh" failures="0" tests="2" name="TestCases.TestRegisterAccount" time="6.761" errors="0" timestamp="2024-08-10T19:32:48 IST" skipped="0">
  <testcase classname="TestCases.TestRegisterAccount" name="test1" time="3.636"/>
  <testcase classname="TestCases.TestRegisterAccount" name="test1" time="3.125"/>
</testsuite> <!-- TestCases.TestRegisterAccount -->
