<?xml version="1.0" encoding="UTF-8"?>
<!-- Generated by org.testng.reporters.JUnitReportReporter -->
<testsuite hostname="ayaansh" failures="0" tests="1" name="Utilities.ReadExcel" time="1.109" errors="0" timestamp="2024-08-11T12:18:18 IST" skipped="0">
  <testcase classname="Utilities.ReadExcel" name="getData" time="1.109"/>
</testsuite> <!-- Utilities.ReadExcel -->
